Determining if the pthread_create exist failed with the following output:
Change Dir: /opt/ros_catkin_ws/build_isolated/turtlesim/CMakeFiles/CMakeTmp

Run Build Command:"/usr/bin/make" "cmTC_f7c53/fast"
/usr/bin/make -f CMakeFiles/cmTC_f7c53.dir/build.make CMakeFiles/cmTC_f7c53.dir/build
make[1]: Entering directory '/opt/ros_catkin_ws/build_isolated/turtlesim/CMakeFiles/CMakeTmp'
Building C object CMakeFiles/cmTC_f7c53.dir/CheckSymbolExists.c.o
/usr/bin/cc     -o CMakeFiles/cmTC_f7c53.dir/CheckSymbolExists.c.o   -c /opt/ros_catkin_ws/build_isolated/turtlesim/CMakeFiles/CMakeTmp/CheckSymbolExists.c
Linking C executable cmTC_f7c53
/usr/bin/cmake -E cmake_link_script CMakeFiles/cmTC_f7c53.dir/link.txt --verbose=1
/usr/bin/cc       CMakeFiles/cmTC_f7c53.dir/CheckSymbolExists.c.o  -o cmTC_f7c53 -rdynamic 
CMakeFiles/cmTC_f7c53.dir/CheckSymbolExists.c.o: In function `main':
CheckSymbolExists.c:(.text+0xe): undefined reference to `pthread_create'
CheckSymbolExists.c:(.text+0x12): undefined reference to `pthread_create'
collect2: error: ld returned 1 exit status
CMakeFiles/cmTC_f7c53.dir/build.make:97: recipe for target 'cmTC_f7c53' failed
make[1]: *** [cmTC_f7c53] Error 1
make[1]: Leaving directory '/opt/ros_catkin_ws/build_isolated/turtlesim/CMakeFiles/CMakeTmp'
Makefile:126: recipe for target 'cmTC_f7c53/fast' failed
make: *** [cmTC_f7c53/fast] Error 2

File /opt/ros_catkin_ws/build_isolated/turtlesim/CMakeFiles/CMakeTmp/CheckSymbolExists.c:
/* */
#include <pthread.h>

int main(int argc, char** argv)
{
  (void)argv;
#ifndef pthread_create
  return ((int*)(&pthread_create))[argc];
#else
  (void)argc;
  return 0;
#endif
}

Determining if the function pthread_create exists in the pthreads failed with the following output:
Change Dir: /opt/ros_catkin_ws/build_isolated/turtlesim/CMakeFiles/CMakeTmp

Run Build Command:"/usr/bin/make" "cmTC_05594/fast"
/usr/bin/make -f CMakeFiles/cmTC_05594.dir/build.make CMakeFiles/cmTC_05594.dir/build
make[1]: Entering directory '/opt/ros_catkin_ws/build_isolated/turtlesim/CMakeFiles/CMakeTmp'
Building C object CMakeFiles/cmTC_05594.dir/CheckFunctionExists.c.o
/usr/bin/cc    -DCHECK_FUNCTION_EXISTS=pthread_create   -o CMakeFiles/cmTC_05594.dir/CheckFunctionExists.c.o   -c /usr/share/cmake-3.5/Modules/CheckFunctionExists.c
Linking C executable cmTC_05594
/usr/bin/cmake -E cmake_link_script CMakeFiles/cmTC_05594.dir/link.txt --verbose=1
/usr/bin/cc   -DCHECK_FUNCTION_EXISTS=pthread_create    CMakeFiles/cmTC_05594.dir/CheckFunctionExists.c.o  -o cmTC_05594 -rdynamic -lpthreads 
/usr/bin/ld: cannot find -lpthreads
collect2: error: ld returned 1 exit status
CMakeFiles/cmTC_05594.dir/build.make:97: recipe for target 'cmTC_05594' failed
make[1]: *** [cmTC_05594] Error 1
make[1]: Leaving directory '/opt/ros_catkin_ws/build_isolated/turtlesim/CMakeFiles/CMakeTmp'
Makefile:126: recipe for target 'cmTC_05594/fast' failed
make: *** [cmTC_05594/fast] Error 2


Determining if the Q_WS_WIN exist failed with the following output:
Change Dir: /opt/ros_catkin_ws/build_isolated/turtlesim/CMakeFiles/CMakeTmp

Run Build Command:"/usr/bin/make" "cmTC_6a9e9/fast"
/usr/bin/make -f CMakeFiles/cmTC_6a9e9.dir/build.make CMakeFiles/cmTC_6a9e9.dir/build
make[1]: Entering directory '/opt/ros_catkin_ws/build_isolated/turtlesim/CMakeFiles/CMakeTmp'
Building CXX object CMakeFiles/cmTC_6a9e9.dir/CheckSymbolExists.cxx.o
/usr/bin/c++    -I/usr/include/qt4   -o CMakeFiles/cmTC_6a9e9.dir/CheckSymbolExists.cxx.o -c /opt/ros_catkin_ws/build_isolated/turtlesim/CMakeFiles/CMakeTmp/CheckSymbolExists.cxx
/opt/ros_catkin_ws/build_isolated/turtlesim/CMakeFiles/CMakeTmp/CheckSymbolExists.cxx: In function ‘int main(int, char**)’:
/opt/ros_catkin_ws/build_isolated/turtlesim/CMakeFiles/CMakeTmp/CheckSymbolExists.cxx:8:19: error: ‘Q_WS_WIN’ was not declared in this scope
   return ((int*)(&Q_WS_WIN))[argc];
                   ^
CMakeFiles/cmTC_6a9e9.dir/build.make:65: recipe for target 'CMakeFiles/cmTC_6a9e9.dir/CheckSymbolExists.cxx.o' failed
make[1]: *** [CMakeFiles/cmTC_6a9e9.dir/CheckSymbolExists.cxx.o] Error 1
make[1]: Leaving directory '/opt/ros_catkin_ws/build_isolated/turtlesim/CMakeFiles/CMakeTmp'
Makefile:126: recipe for target 'cmTC_6a9e9/fast' failed
make: *** [cmTC_6a9e9/fast] Error 2

File /opt/ros_catkin_ws/build_isolated/turtlesim/CMakeFiles/CMakeTmp/CheckSymbolExists.cxx:
/* */
#include <QtCore/qglobal.h>

int main(int argc, char** argv)
{
  (void)argv;
#ifndef Q_WS_WIN
  return ((int*)(&Q_WS_WIN))[argc];
#else
  (void)argc;
  return 0;
#endif
}

Determining if the Q_WS_QWS exist failed with the following output:
Change Dir: /opt/ros_catkin_ws/build_isolated/turtlesim/CMakeFiles/CMakeTmp

Run Build Command:"/usr/bin/make" "cmTC_b9043/fast"
/usr/bin/make -f CMakeFiles/cmTC_b9043.dir/build.make CMakeFiles/cmTC_b9043.dir/build
make[1]: Entering directory '/opt/ros_catkin_ws/build_isolated/turtlesim/CMakeFiles/CMakeTmp'
Building CXX object CMakeFiles/cmTC_b9043.dir/CheckSymbolExists.cxx.o
/usr/bin/c++    -I/usr/include/qt4   -o CMakeFiles/cmTC_b9043.dir/CheckSymbolExists.cxx.o -c /opt/ros_catkin_ws/build_isolated/turtlesim/CMakeFiles/CMakeTmp/CheckSymbolExists.cxx
/opt/ros_catkin_ws/build_isolated/turtlesim/CMakeFiles/CMakeTmp/CheckSymbolExists.cxx: In function ‘int main(int, char**)’:
/opt/ros_catkin_ws/build_isolated/turtlesim/CMakeFiles/CMakeTmp/CheckSymbolExists.cxx:8:19: error: ‘Q_WS_QWS’ was not declared in this scope
   return ((int*)(&Q_WS_QWS))[argc];
                   ^
CMakeFiles/cmTC_b9043.dir/build.make:65: recipe for target 'CMakeFiles/cmTC_b9043.dir/CheckSymbolExists.cxx.o' failed
make[1]: *** [CMakeFiles/cmTC_b9043.dir/CheckSymbolExists.cxx.o] Error 1
make[1]: Leaving directory '/opt/ros_catkin_ws/build_isolated/turtlesim/CMakeFiles/CMakeTmp'
Makefile:126: recipe for target 'cmTC_b9043/fast' failed
make: *** [cmTC_b9043/fast] Error 2

File /opt/ros_catkin_ws/build_isolated/turtlesim/CMakeFiles/CMakeTmp/CheckSymbolExists.cxx:
/* */
#include <QtCore/qglobal.h>

int main(int argc, char** argv)
{
  (void)argv;
#ifndef Q_WS_QWS
  return ((int*)(&Q_WS_QWS))[argc];
#else
  (void)argc;
  return 0;
#endif
}

Determining if the Q_WS_MAC exist failed with the following output:
Change Dir: /opt/ros_catkin_ws/build_isolated/turtlesim/CMakeFiles/CMakeTmp

Run Build Command:"/usr/bin/make" "cmTC_0fa26/fast"
/usr/bin/make -f CMakeFiles/cmTC_0fa26.dir/build.make CMakeFiles/cmTC_0fa26.dir/build
make[1]: Entering directory '/opt/ros_catkin_ws/build_isolated/turtlesim/CMakeFiles/CMakeTmp'
Building CXX object CMakeFiles/cmTC_0fa26.dir/CheckSymbolExists.cxx.o
/usr/bin/c++    -I/usr/include/qt4   -o CMakeFiles/cmTC_0fa26.dir/CheckSymbolExists.cxx.o -c /opt/ros_catkin_ws/build_isolated/turtlesim/CMakeFiles/CMakeTmp/CheckSymbolExists.cxx
/opt/ros_catkin_ws/build_isolated/turtlesim/CMakeFiles/CMakeTmp/CheckSymbolExists.cxx: In function ‘int main(int, char**)’:
/opt/ros_catkin_ws/build_isolated/turtlesim/CMakeFiles/CMakeTmp/CheckSymbolExists.cxx:8:19: error: ‘Q_WS_MAC’ was not declared in this scope
   return ((int*)(&Q_WS_MAC))[argc];
                   ^
CMakeFiles/cmTC_0fa26.dir/build.make:65: recipe for target 'CMakeFiles/cmTC_0fa26.dir/CheckSymbolExists.cxx.o' failed
make[1]: *** [CMakeFiles/cmTC_0fa26.dir/CheckSymbolExists.cxx.o] Error 1
make[1]: Leaving directory '/opt/ros_catkin_ws/build_isolated/turtlesim/CMakeFiles/CMakeTmp'
Makefile:126: recipe for target 'cmTC_0fa26/fast' failed
make: *** [cmTC_0fa26/fast] Error 2

File /opt/ros_catkin_ws/build_isolated/turtlesim/CMakeFiles/CMakeTmp/CheckSymbolExists.cxx:
/* */
#include <QtCore/qglobal.h>

int main(int argc, char** argv)
{
  (void)argv;
#ifndef Q_WS_MAC
  return ((int*)(&Q_WS_MAC))[argc];
#else
  (void)argc;
  return 0;
#endif
}

