Determining if the pthread_create exist failed with the following output:
Change Dir: /opt/ros_catkin_ws/build_isolated/rqt_rviz/CMakeFiles/CMakeTmp

Run Build Command:"/usr/bin/make" "cmTC_ddd28/fast"
/usr/bin/make -f CMakeFiles/cmTC_ddd28.dir/build.make CMakeFiles/cmTC_ddd28.dir/build
make[1]: Entering directory '/opt/ros_catkin_ws/build_isolated/rqt_rviz/CMakeFiles/CMakeTmp'
Building C object CMakeFiles/cmTC_ddd28.dir/CheckSymbolExists.c.o
/usr/bin/cc     -o CMakeFiles/cmTC_ddd28.dir/CheckSymbolExists.c.o   -c /opt/ros_catkin_ws/build_isolated/rqt_rviz/CMakeFiles/CMakeTmp/CheckSymbolExists.c
Linking C executable cmTC_ddd28
/usr/bin/cmake -E cmake_link_script CMakeFiles/cmTC_ddd28.dir/link.txt --verbose=1
/usr/bin/cc       CMakeFiles/cmTC_ddd28.dir/CheckSymbolExists.c.o  -o cmTC_ddd28 -rdynamic 
CMakeFiles/cmTC_ddd28.dir/CheckSymbolExists.c.o: In function `main':
CheckSymbolExists.c:(.text+0xe): undefined reference to `pthread_create'
CheckSymbolExists.c:(.text+0x12): undefined reference to `pthread_create'
collect2: error: ld returned 1 exit status
CMakeFiles/cmTC_ddd28.dir/build.make:97: recipe for target 'cmTC_ddd28' failed
make[1]: *** [cmTC_ddd28] Error 1
make[1]: Leaving directory '/opt/ros_catkin_ws/build_isolated/rqt_rviz/CMakeFiles/CMakeTmp'
Makefile:126: recipe for target 'cmTC_ddd28/fast' failed
make: *** [cmTC_ddd28/fast] Error 2

File /opt/ros_catkin_ws/build_isolated/rqt_rviz/CMakeFiles/CMakeTmp/CheckSymbolExists.c:
/* */
#include <pthread.h>

int main(int argc, char** argv)
{
  (void)argv;
#ifndef pthread_create
  return ((int*)(&pthread_create))[argc];
#else
  (void)argc;
  return 0;
#endif
}

Determining if the function pthread_create exists in the pthreads failed with the following output:
Change Dir: /opt/ros_catkin_ws/build_isolated/rqt_rviz/CMakeFiles/CMakeTmp

Run Build Command:"/usr/bin/make" "cmTC_3d2c2/fast"
/usr/bin/make -f CMakeFiles/cmTC_3d2c2.dir/build.make CMakeFiles/cmTC_3d2c2.dir/build
make[1]: Entering directory '/opt/ros_catkin_ws/build_isolated/rqt_rviz/CMakeFiles/CMakeTmp'
Building C object CMakeFiles/cmTC_3d2c2.dir/CheckFunctionExists.c.o
/usr/bin/cc    -DCHECK_FUNCTION_EXISTS=pthread_create   -o CMakeFiles/cmTC_3d2c2.dir/CheckFunctionExists.c.o   -c /usr/share/cmake-3.5/Modules/CheckFunctionExists.c
Linking C executable cmTC_3d2c2
/usr/bin/cmake -E cmake_link_script CMakeFiles/cmTC_3d2c2.dir/link.txt --verbose=1
/usr/bin/cc   -DCHECK_FUNCTION_EXISTS=pthread_create    CMakeFiles/cmTC_3d2c2.dir/CheckFunctionExists.c.o  -o cmTC_3d2c2 -rdynamic -lpthreads 
/usr/bin/ld: cannot find -lpthreads
collect2: error: ld returned 1 exit status
CMakeFiles/cmTC_3d2c2.dir/build.make:97: recipe for target 'cmTC_3d2c2' failed
make[1]: *** [cmTC_3d2c2] Error 1
make[1]: Leaving directory '/opt/ros_catkin_ws/build_isolated/rqt_rviz/CMakeFiles/CMakeTmp'
Makefile:126: recipe for target 'cmTC_3d2c2/fast' failed
make: *** [cmTC_3d2c2/fast] Error 2


Determining if the Q_WS_WIN exist failed with the following output:
Change Dir: /opt/ros_catkin_ws/build_isolated/rqt_rviz/CMakeFiles/CMakeTmp

Run Build Command:"/usr/bin/make" "cmTC_b29e3/fast"
/usr/bin/make -f CMakeFiles/cmTC_b29e3.dir/build.make CMakeFiles/cmTC_b29e3.dir/build
make[1]: Entering directory '/opt/ros_catkin_ws/build_isolated/rqt_rviz/CMakeFiles/CMakeTmp'
Building CXX object CMakeFiles/cmTC_b29e3.dir/CheckSymbolExists.cxx.o
/usr/bin/c++    -I/usr/include/qt4   -o CMakeFiles/cmTC_b29e3.dir/CheckSymbolExists.cxx.o -c /opt/ros_catkin_ws/build_isolated/rqt_rviz/CMakeFiles/CMakeTmp/CheckSymbolExists.cxx
/opt/ros_catkin_ws/build_isolated/rqt_rviz/CMakeFiles/CMakeTmp/CheckSymbolExists.cxx: In function ‘int main(int, char**)’:
/opt/ros_catkin_ws/build_isolated/rqt_rviz/CMakeFiles/CMakeTmp/CheckSymbolExists.cxx:8:19: error: ‘Q_WS_WIN’ was not declared in this scope
   return ((int*)(&Q_WS_WIN))[argc];
                   ^
CMakeFiles/cmTC_b29e3.dir/build.make:65: recipe for target 'CMakeFiles/cmTC_b29e3.dir/CheckSymbolExists.cxx.o' failed
make[1]: *** [CMakeFiles/cmTC_b29e3.dir/CheckSymbolExists.cxx.o] Error 1
make[1]: Leaving directory '/opt/ros_catkin_ws/build_isolated/rqt_rviz/CMakeFiles/CMakeTmp'
Makefile:126: recipe for target 'cmTC_b29e3/fast' failed
make: *** [cmTC_b29e3/fast] Error 2

File /opt/ros_catkin_ws/build_isolated/rqt_rviz/CMakeFiles/CMakeTmp/CheckSymbolExists.cxx:
/* */
#include <QtCore/qglobal.h>

int main(int argc, char** argv)
{
  (void)argv;
#ifndef Q_WS_WIN
  return ((int*)(&Q_WS_WIN))[argc];
#else
  (void)argc;
  return 0;
#endif
}

Determining if the Q_WS_QWS exist failed with the following output:
Change Dir: /opt/ros_catkin_ws/build_isolated/rqt_rviz/CMakeFiles/CMakeTmp

Run Build Command:"/usr/bin/make" "cmTC_2f2ad/fast"
/usr/bin/make -f CMakeFiles/cmTC_2f2ad.dir/build.make CMakeFiles/cmTC_2f2ad.dir/build
make[1]: Entering directory '/opt/ros_catkin_ws/build_isolated/rqt_rviz/CMakeFiles/CMakeTmp'
Building CXX object CMakeFiles/cmTC_2f2ad.dir/CheckSymbolExists.cxx.o
/usr/bin/c++    -I/usr/include/qt4   -o CMakeFiles/cmTC_2f2ad.dir/CheckSymbolExists.cxx.o -c /opt/ros_catkin_ws/build_isolated/rqt_rviz/CMakeFiles/CMakeTmp/CheckSymbolExists.cxx
/opt/ros_catkin_ws/build_isolated/rqt_rviz/CMakeFiles/CMakeTmp/CheckSymbolExists.cxx: In function ‘int main(int, char**)’:
/opt/ros_catkin_ws/build_isolated/rqt_rviz/CMakeFiles/CMakeTmp/CheckSymbolExists.cxx:8:19: error: ‘Q_WS_QWS’ was not declared in this scope
   return ((int*)(&Q_WS_QWS))[argc];
                   ^
CMakeFiles/cmTC_2f2ad.dir/build.make:65: recipe for target 'CMakeFiles/cmTC_2f2ad.dir/CheckSymbolExists.cxx.o' failed
make[1]: *** [CMakeFiles/cmTC_2f2ad.dir/CheckSymbolExists.cxx.o] Error 1
make[1]: Leaving directory '/opt/ros_catkin_ws/build_isolated/rqt_rviz/CMakeFiles/CMakeTmp'
Makefile:126: recipe for target 'cmTC_2f2ad/fast' failed
make: *** [cmTC_2f2ad/fast] Error 2

File /opt/ros_catkin_ws/build_isolated/rqt_rviz/CMakeFiles/CMakeTmp/CheckSymbolExists.cxx:
/* */
#include <QtCore/qglobal.h>

int main(int argc, char** argv)
{
  (void)argv;
#ifndef Q_WS_QWS
  return ((int*)(&Q_WS_QWS))[argc];
#else
  (void)argc;
  return 0;
#endif
}

Determining if the Q_WS_MAC exist failed with the following output:
Change Dir: /opt/ros_catkin_ws/build_isolated/rqt_rviz/CMakeFiles/CMakeTmp

Run Build Command:"/usr/bin/make" "cmTC_46aa9/fast"
/usr/bin/make -f CMakeFiles/cmTC_46aa9.dir/build.make CMakeFiles/cmTC_46aa9.dir/build
make[1]: Entering directory '/opt/ros_catkin_ws/build_isolated/rqt_rviz/CMakeFiles/CMakeTmp'
Building CXX object CMakeFiles/cmTC_46aa9.dir/CheckSymbolExists.cxx.o
/usr/bin/c++    -I/usr/include/qt4   -o CMakeFiles/cmTC_46aa9.dir/CheckSymbolExists.cxx.o -c /opt/ros_catkin_ws/build_isolated/rqt_rviz/CMakeFiles/CMakeTmp/CheckSymbolExists.cxx
/opt/ros_catkin_ws/build_isolated/rqt_rviz/CMakeFiles/CMakeTmp/CheckSymbolExists.cxx: In function ‘int main(int, char**)’:
/opt/ros_catkin_ws/build_isolated/rqt_rviz/CMakeFiles/CMakeTmp/CheckSymbolExists.cxx:8:19: error: ‘Q_WS_MAC’ was not declared in this scope
   return ((int*)(&Q_WS_MAC))[argc];
                   ^
CMakeFiles/cmTC_46aa9.dir/build.make:65: recipe for target 'CMakeFiles/cmTC_46aa9.dir/CheckSymbolExists.cxx.o' failed
make[1]: *** [CMakeFiles/cmTC_46aa9.dir/CheckSymbolExists.cxx.o] Error 1
make[1]: Leaving directory '/opt/ros_catkin_ws/build_isolated/rqt_rviz/CMakeFiles/CMakeTmp'
Makefile:126: recipe for target 'cmTC_46aa9/fast' failed
make: *** [cmTC_46aa9/fast] Error 2

File /opt/ros_catkin_ws/build_isolated/rqt_rviz/CMakeFiles/CMakeTmp/CheckSymbolExists.cxx:
/* */
#include <QtCore/qglobal.h>

int main(int argc, char** argv)
{
  (void)argv;
#ifndef Q_WS_MAC
  return ((int*)(&Q_WS_MAC))[argc];
#else
  (void)argc;
  return 0;
#endif
}

