Determining if the pthread_create exist failed with the following output:
Change Dir: /opt/ros_catkin_ws/build_isolated/roscpp/CMakeFiles/CMakeTmp

Run Build Command:"/usr/bin/make" "cmTC_05a83/fast"
/usr/bin/make -f CMakeFiles/cmTC_05a83.dir/build.make CMakeFiles/cmTC_05a83.dir/build
make[1]: Entering directory '/opt/ros_catkin_ws/build_isolated/roscpp/CMakeFiles/CMakeTmp'
Building C object CMakeFiles/cmTC_05a83.dir/CheckSymbolExists.c.o
/usr/bin/cc     -o CMakeFiles/cmTC_05a83.dir/CheckSymbolExists.c.o   -c /opt/ros_catkin_ws/build_isolated/roscpp/CMakeFiles/CMakeTmp/CheckSymbolExists.c
Linking C executable cmTC_05a83
/usr/bin/cmake -E cmake_link_script CMakeFiles/cmTC_05a83.dir/link.txt --verbose=1
/usr/bin/cc       CMakeFiles/cmTC_05a83.dir/CheckSymbolExists.c.o  -o cmTC_05a83 -rdynamic 
CMakeFiles/cmTC_05a83.dir/CheckSymbolExists.c.o: In function `main':
CheckSymbolExists.c:(.text+0xe): undefined reference to `pthread_create'
CheckSymbolExists.c:(.text+0x12): undefined reference to `pthread_create'
collect2: error: ld returned 1 exit status
CMakeFiles/cmTC_05a83.dir/build.make:97: recipe for target 'cmTC_05a83' failed
make[1]: *** [cmTC_05a83] Error 1
make[1]: Leaving directory '/opt/ros_catkin_ws/build_isolated/roscpp/CMakeFiles/CMakeTmp'
Makefile:126: recipe for target 'cmTC_05a83/fast' failed
make: *** [cmTC_05a83/fast] Error 2

File /opt/ros_catkin_ws/build_isolated/roscpp/CMakeFiles/CMakeTmp/CheckSymbolExists.c:
/* */
#include <pthread.h>

int main(int argc, char** argv)
{
  (void)argv;
#ifndef pthread_create
  return ((int*)(&pthread_create))[argc];
#else
  (void)argc;
  return 0;
#endif
}

Determining if the function pthread_create exists in the pthreads failed with the following output:
Change Dir: /opt/ros_catkin_ws/build_isolated/roscpp/CMakeFiles/CMakeTmp

Run Build Command:"/usr/bin/make" "cmTC_80d34/fast"
/usr/bin/make -f CMakeFiles/cmTC_80d34.dir/build.make CMakeFiles/cmTC_80d34.dir/build
make[1]: Entering directory '/opt/ros_catkin_ws/build_isolated/roscpp/CMakeFiles/CMakeTmp'
Building C object CMakeFiles/cmTC_80d34.dir/CheckFunctionExists.c.o
/usr/bin/cc    -DCHECK_FUNCTION_EXISTS=pthread_create   -o CMakeFiles/cmTC_80d34.dir/CheckFunctionExists.c.o   -c /usr/share/cmake-3.5/Modules/CheckFunctionExists.c
Linking C executable cmTC_80d34
/usr/bin/cmake -E cmake_link_script CMakeFiles/cmTC_80d34.dir/link.txt --verbose=1
/usr/bin/cc   -DCHECK_FUNCTION_EXISTS=pthread_create    CMakeFiles/cmTC_80d34.dir/CheckFunctionExists.c.o  -o cmTC_80d34 -rdynamic -lpthreads 
/usr/bin/ld: cannot find -lpthreads
collect2: error: ld returned 1 exit status
CMakeFiles/cmTC_80d34.dir/build.make:97: recipe for target 'cmTC_80d34' failed
make[1]: *** [cmTC_80d34] Error 1
make[1]: Leaving directory '/opt/ros_catkin_ws/build_isolated/roscpp/CMakeFiles/CMakeTmp'
Makefile:126: recipe for target 'cmTC_80d34/fast' failed
make: *** [cmTC_80d34/fast] Error 2


Determining if the function trunc exists failed with the following output:
Change Dir: /opt/ros_catkin_ws/build_isolated/roscpp/CMakeFiles/CMakeTmp

Run Build Command:"/usr/bin/make" "cmTC_d27f2/fast"
/usr/bin/make -f CMakeFiles/cmTC_d27f2.dir/build.make CMakeFiles/cmTC_d27f2.dir/build
make[1]: Entering directory '/opt/ros_catkin_ws/build_isolated/roscpp/CMakeFiles/CMakeTmp'
Building C object CMakeFiles/cmTC_d27f2.dir/CheckFunctionExists.c.o
/usr/bin/cc    -DCHECK_FUNCTION_EXISTS=trunc   -o CMakeFiles/cmTC_d27f2.dir/CheckFunctionExists.c.o   -c /usr/share/cmake-3.5/Modules/CheckFunctionExists.c
<command-line>:0:23: warning: conflicting types for built-in function ‘trunc’
/usr/share/cmake-3.5/Modules/CheckFunctionExists.c:6:6: note: in expansion of macro ‘CHECK_FUNCTION_EXISTS’
 char CHECK_FUNCTION_EXISTS();
      ^
Linking C executable cmTC_d27f2
/usr/bin/cmake -E cmake_link_script CMakeFiles/cmTC_d27f2.dir/link.txt --verbose=1
/usr/bin/cc   -DCHECK_FUNCTION_EXISTS=trunc    CMakeFiles/cmTC_d27f2.dir/CheckFunctionExists.c.o  -o cmTC_d27f2 -rdynamic 
CMakeFiles/cmTC_d27f2.dir/CheckFunctionExists.c.o: In function `main':
CheckFunctionExists.c:(.text+0xa): undefined reference to `trunc'
collect2: error: ld returned 1 exit status
CMakeFiles/cmTC_d27f2.dir/build.make:97: recipe for target 'cmTC_d27f2' failed
make[1]: *** [cmTC_d27f2] Error 1
make[1]: Leaving directory '/opt/ros_catkin_ws/build_isolated/roscpp/CMakeFiles/CMakeTmp'
Makefile:126: recipe for target 'cmTC_d27f2/fast' failed
make: *** [cmTC_d27f2/fast] Error 2


