Determining if the pthread_create exist failed with the following output:
Change Dir: /opt/ros_catkin_ws/build_isolated/qt_gui_cpp/CMakeFiles/CMakeTmp

Run Build Command:"/usr/bin/make" "cmTC_99c09/fast"
/usr/bin/make -f CMakeFiles/cmTC_99c09.dir/build.make CMakeFiles/cmTC_99c09.dir/build
make[1]: Entering directory '/opt/ros_catkin_ws/build_isolated/qt_gui_cpp/CMakeFiles/CMakeTmp'
Building C object CMakeFiles/cmTC_99c09.dir/CheckSymbolExists.c.o
/usr/bin/cc     -o CMakeFiles/cmTC_99c09.dir/CheckSymbolExists.c.o   -c /opt/ros_catkin_ws/build_isolated/qt_gui_cpp/CMakeFiles/CMakeTmp/CheckSymbolExists.c
Linking C executable cmTC_99c09
/usr/bin/cmake -E cmake_link_script CMakeFiles/cmTC_99c09.dir/link.txt --verbose=1
/usr/bin/cc       CMakeFiles/cmTC_99c09.dir/CheckSymbolExists.c.o  -o cmTC_99c09 -rdynamic 
CMakeFiles/cmTC_99c09.dir/CheckSymbolExists.c.o: In function `main':
CheckSymbolExists.c:(.text+0xe): undefined reference to `pthread_create'
CheckSymbolExists.c:(.text+0x12): undefined reference to `pthread_create'
collect2: error: ld returned 1 exit status
CMakeFiles/cmTC_99c09.dir/build.make:97: recipe for target 'cmTC_99c09' failed
make[1]: *** [cmTC_99c09] Error 1
make[1]: Leaving directory '/opt/ros_catkin_ws/build_isolated/qt_gui_cpp/CMakeFiles/CMakeTmp'
Makefile:126: recipe for target 'cmTC_99c09/fast' failed
make: *** [cmTC_99c09/fast] Error 2

File /opt/ros_catkin_ws/build_isolated/qt_gui_cpp/CMakeFiles/CMakeTmp/CheckSymbolExists.c:
/* */
#include <pthread.h>

int main(int argc, char** argv)
{
  (void)argv;
#ifndef pthread_create
  return ((int*)(&pthread_create))[argc];
#else
  (void)argc;
  return 0;
#endif
}

Determining if the function pthread_create exists in the pthreads failed with the following output:
Change Dir: /opt/ros_catkin_ws/build_isolated/qt_gui_cpp/CMakeFiles/CMakeTmp

Run Build Command:"/usr/bin/make" "cmTC_7e0c0/fast"
/usr/bin/make -f CMakeFiles/cmTC_7e0c0.dir/build.make CMakeFiles/cmTC_7e0c0.dir/build
make[1]: Entering directory '/opt/ros_catkin_ws/build_isolated/qt_gui_cpp/CMakeFiles/CMakeTmp'
Building C object CMakeFiles/cmTC_7e0c0.dir/CheckFunctionExists.c.o
/usr/bin/cc    -DCHECK_FUNCTION_EXISTS=pthread_create   -o CMakeFiles/cmTC_7e0c0.dir/CheckFunctionExists.c.o   -c /usr/share/cmake-3.5/Modules/CheckFunctionExists.c
Linking C executable cmTC_7e0c0
/usr/bin/cmake -E cmake_link_script CMakeFiles/cmTC_7e0c0.dir/link.txt --verbose=1
/usr/bin/cc   -DCHECK_FUNCTION_EXISTS=pthread_create    CMakeFiles/cmTC_7e0c0.dir/CheckFunctionExists.c.o  -o cmTC_7e0c0 -rdynamic -lpthreads 
/usr/bin/ld: cannot find -lpthreads
collect2: error: ld returned 1 exit status
CMakeFiles/cmTC_7e0c0.dir/build.make:97: recipe for target 'cmTC_7e0c0' failed
make[1]: *** [cmTC_7e0c0] Error 1
make[1]: Leaving directory '/opt/ros_catkin_ws/build_isolated/qt_gui_cpp/CMakeFiles/CMakeTmp'
Makefile:126: recipe for target 'cmTC_7e0c0/fast' failed
make: *** [cmTC_7e0c0/fast] Error 2


Determining if the Q_WS_WIN exist failed with the following output:
Change Dir: /opt/ros_catkin_ws/build_isolated/qt_gui_cpp/CMakeFiles/CMakeTmp

Run Build Command:"/usr/bin/make" "cmTC_7cea1/fast"
/usr/bin/make -f CMakeFiles/cmTC_7cea1.dir/build.make CMakeFiles/cmTC_7cea1.dir/build
make[1]: Entering directory '/opt/ros_catkin_ws/build_isolated/qt_gui_cpp/CMakeFiles/CMakeTmp'
Building CXX object CMakeFiles/cmTC_7cea1.dir/CheckSymbolExists.cxx.o
/usr/bin/c++    -I/usr/include/qt4   -o CMakeFiles/cmTC_7cea1.dir/CheckSymbolExists.cxx.o -c /opt/ros_catkin_ws/build_isolated/qt_gui_cpp/CMakeFiles/CMakeTmp/CheckSymbolExists.cxx
/opt/ros_catkin_ws/build_isolated/qt_gui_cpp/CMakeFiles/CMakeTmp/CheckSymbolExists.cxx: In function ‘int main(int, char**)’:
/opt/ros_catkin_ws/build_isolated/qt_gui_cpp/CMakeFiles/CMakeTmp/CheckSymbolExists.cxx:8:19: error: ‘Q_WS_WIN’ was not declared in this scope
   return ((int*)(&Q_WS_WIN))[argc];
                   ^
CMakeFiles/cmTC_7cea1.dir/build.make:65: recipe for target 'CMakeFiles/cmTC_7cea1.dir/CheckSymbolExists.cxx.o' failed
make[1]: *** [CMakeFiles/cmTC_7cea1.dir/CheckSymbolExists.cxx.o] Error 1
make[1]: Leaving directory '/opt/ros_catkin_ws/build_isolated/qt_gui_cpp/CMakeFiles/CMakeTmp'
Makefile:126: recipe for target 'cmTC_7cea1/fast' failed
make: *** [cmTC_7cea1/fast] Error 2

File /opt/ros_catkin_ws/build_isolated/qt_gui_cpp/CMakeFiles/CMakeTmp/CheckSymbolExists.cxx:
/* */
#include <QtCore/qglobal.h>

int main(int argc, char** argv)
{
  (void)argv;
#ifndef Q_WS_WIN
  return ((int*)(&Q_WS_WIN))[argc];
#else
  (void)argc;
  return 0;
#endif
}

Determining if the Q_WS_QWS exist failed with the following output:
Change Dir: /opt/ros_catkin_ws/build_isolated/qt_gui_cpp/CMakeFiles/CMakeTmp

Run Build Command:"/usr/bin/make" "cmTC_bcdae/fast"
/usr/bin/make -f CMakeFiles/cmTC_bcdae.dir/build.make CMakeFiles/cmTC_bcdae.dir/build
make[1]: Entering directory '/opt/ros_catkin_ws/build_isolated/qt_gui_cpp/CMakeFiles/CMakeTmp'
Building CXX object CMakeFiles/cmTC_bcdae.dir/CheckSymbolExists.cxx.o
/usr/bin/c++    -I/usr/include/qt4   -o CMakeFiles/cmTC_bcdae.dir/CheckSymbolExists.cxx.o -c /opt/ros_catkin_ws/build_isolated/qt_gui_cpp/CMakeFiles/CMakeTmp/CheckSymbolExists.cxx
/opt/ros_catkin_ws/build_isolated/qt_gui_cpp/CMakeFiles/CMakeTmp/CheckSymbolExists.cxx: In function ‘int main(int, char**)’:
/opt/ros_catkin_ws/build_isolated/qt_gui_cpp/CMakeFiles/CMakeTmp/CheckSymbolExists.cxx:8:19: error: ‘Q_WS_QWS’ was not declared in this scope
   return ((int*)(&Q_WS_QWS))[argc];
                   ^
CMakeFiles/cmTC_bcdae.dir/build.make:65: recipe for target 'CMakeFiles/cmTC_bcdae.dir/CheckSymbolExists.cxx.o' failed
make[1]: *** [CMakeFiles/cmTC_bcdae.dir/CheckSymbolExists.cxx.o] Error 1
make[1]: Leaving directory '/opt/ros_catkin_ws/build_isolated/qt_gui_cpp/CMakeFiles/CMakeTmp'
Makefile:126: recipe for target 'cmTC_bcdae/fast' failed
make: *** [cmTC_bcdae/fast] Error 2

File /opt/ros_catkin_ws/build_isolated/qt_gui_cpp/CMakeFiles/CMakeTmp/CheckSymbolExists.cxx:
/* */
#include <QtCore/qglobal.h>

int main(int argc, char** argv)
{
  (void)argv;
#ifndef Q_WS_QWS
  return ((int*)(&Q_WS_QWS))[argc];
#else
  (void)argc;
  return 0;
#endif
}

Determining if the Q_WS_MAC exist failed with the following output:
Change Dir: /opt/ros_catkin_ws/build_isolated/qt_gui_cpp/CMakeFiles/CMakeTmp

Run Build Command:"/usr/bin/make" "cmTC_e5902/fast"
/usr/bin/make -f CMakeFiles/cmTC_e5902.dir/build.make CMakeFiles/cmTC_e5902.dir/build
make[1]: Entering directory '/opt/ros_catkin_ws/build_isolated/qt_gui_cpp/CMakeFiles/CMakeTmp'
Building CXX object CMakeFiles/cmTC_e5902.dir/CheckSymbolExists.cxx.o
/usr/bin/c++    -I/usr/include/qt4   -o CMakeFiles/cmTC_e5902.dir/CheckSymbolExists.cxx.o -c /opt/ros_catkin_ws/build_isolated/qt_gui_cpp/CMakeFiles/CMakeTmp/CheckSymbolExists.cxx
/opt/ros_catkin_ws/build_isolated/qt_gui_cpp/CMakeFiles/CMakeTmp/CheckSymbolExists.cxx: In function ‘int main(int, char**)’:
/opt/ros_catkin_ws/build_isolated/qt_gui_cpp/CMakeFiles/CMakeTmp/CheckSymbolExists.cxx:8:19: error: ‘Q_WS_MAC’ was not declared in this scope
   return ((int*)(&Q_WS_MAC))[argc];
                   ^
CMakeFiles/cmTC_e5902.dir/build.make:65: recipe for target 'CMakeFiles/cmTC_e5902.dir/CheckSymbolExists.cxx.o' failed
make[1]: *** [CMakeFiles/cmTC_e5902.dir/CheckSymbolExists.cxx.o] Error 1
make[1]: Leaving directory '/opt/ros_catkin_ws/build_isolated/qt_gui_cpp/CMakeFiles/CMakeTmp'
Makefile:126: recipe for target 'cmTC_e5902/fast' failed
make: *** [cmTC_e5902/fast] Error 2

File /opt/ros_catkin_ws/build_isolated/qt_gui_cpp/CMakeFiles/CMakeTmp/CheckSymbolExists.cxx:
/* */
#include <QtCore/qglobal.h>

int main(int argc, char** argv)
{
  (void)argv;
#ifndef Q_WS_MAC
  return ((int*)(&Q_WS_MAC))[argc];
#else
  (void)argc;
  return 0;
#endif
}

