Determining if the pthread_create exist failed with the following output:
Change Dir: /opt/ros_catkin_ws/build_isolated/rqt_image_view/CMakeFiles/CMakeTmp

Run Build Command:"/usr/bin/make" "cmTC_2adea/fast"
/usr/bin/make -f CMakeFiles/cmTC_2adea.dir/build.make CMakeFiles/cmTC_2adea.dir/build
make[1]: Entering directory '/opt/ros_catkin_ws/build_isolated/rqt_image_view/CMakeFiles/CMakeTmp'
Building C object CMakeFiles/cmTC_2adea.dir/CheckSymbolExists.c.o
/usr/bin/cc     -o CMakeFiles/cmTC_2adea.dir/CheckSymbolExists.c.o   -c /opt/ros_catkin_ws/build_isolated/rqt_image_view/CMakeFiles/CMakeTmp/CheckSymbolExists.c
Linking C executable cmTC_2adea
/usr/bin/cmake -E cmake_link_script CMakeFiles/cmTC_2adea.dir/link.txt --verbose=1
/usr/bin/cc       CMakeFiles/cmTC_2adea.dir/CheckSymbolExists.c.o  -o cmTC_2adea -rdynamic 
CMakeFiles/cmTC_2adea.dir/CheckSymbolExists.c.o: In function `main':
CheckSymbolExists.c:(.text+0xe): undefined reference to `pthread_create'
CheckSymbolExists.c:(.text+0x12): undefined reference to `pthread_create'
collect2: error: ld returned 1 exit status
CMakeFiles/cmTC_2adea.dir/build.make:97: recipe for target 'cmTC_2adea' failed
make[1]: *** [cmTC_2adea] Error 1
make[1]: Leaving directory '/opt/ros_catkin_ws/build_isolated/rqt_image_view/CMakeFiles/CMakeTmp'
Makefile:126: recipe for target 'cmTC_2adea/fast' failed
make: *** [cmTC_2adea/fast] Error 2

File /opt/ros_catkin_ws/build_isolated/rqt_image_view/CMakeFiles/CMakeTmp/CheckSymbolExists.c:
/* */
#include <pthread.h>

int main(int argc, char** argv)
{
  (void)argv;
#ifndef pthread_create
  return ((int*)(&pthread_create))[argc];
#else
  (void)argc;
  return 0;
#endif
}

Determining if the function pthread_create exists in the pthreads failed with the following output:
Change Dir: /opt/ros_catkin_ws/build_isolated/rqt_image_view/CMakeFiles/CMakeTmp

Run Build Command:"/usr/bin/make" "cmTC_30c42/fast"
/usr/bin/make -f CMakeFiles/cmTC_30c42.dir/build.make CMakeFiles/cmTC_30c42.dir/build
make[1]: Entering directory '/opt/ros_catkin_ws/build_isolated/rqt_image_view/CMakeFiles/CMakeTmp'
Building C object CMakeFiles/cmTC_30c42.dir/CheckFunctionExists.c.o
/usr/bin/cc    -DCHECK_FUNCTION_EXISTS=pthread_create   -o CMakeFiles/cmTC_30c42.dir/CheckFunctionExists.c.o   -c /usr/share/cmake-3.5/Modules/CheckFunctionExists.c
Linking C executable cmTC_30c42
/usr/bin/cmake -E cmake_link_script CMakeFiles/cmTC_30c42.dir/link.txt --verbose=1
/usr/bin/cc   -DCHECK_FUNCTION_EXISTS=pthread_create    CMakeFiles/cmTC_30c42.dir/CheckFunctionExists.c.o  -o cmTC_30c42 -rdynamic -lpthreads 
/usr/bin/ld: cannot find -lpthreads
collect2: error: ld returned 1 exit status
CMakeFiles/cmTC_30c42.dir/build.make:97: recipe for target 'cmTC_30c42' failed
make[1]: *** [cmTC_30c42] Error 1
make[1]: Leaving directory '/opt/ros_catkin_ws/build_isolated/rqt_image_view/CMakeFiles/CMakeTmp'
Makefile:126: recipe for target 'cmTC_30c42/fast' failed
make: *** [cmTC_30c42/fast] Error 2


Determining if the Q_WS_WIN exist failed with the following output:
Change Dir: /opt/ros_catkin_ws/build_isolated/rqt_image_view/CMakeFiles/CMakeTmp

Run Build Command:"/usr/bin/make" "cmTC_eb37a/fast"
/usr/bin/make -f CMakeFiles/cmTC_eb37a.dir/build.make CMakeFiles/cmTC_eb37a.dir/build
make[1]: Entering directory '/opt/ros_catkin_ws/build_isolated/rqt_image_view/CMakeFiles/CMakeTmp'
Building CXX object CMakeFiles/cmTC_eb37a.dir/CheckSymbolExists.cxx.o
/usr/bin/c++    -I/usr/include/qt4   -o CMakeFiles/cmTC_eb37a.dir/CheckSymbolExists.cxx.o -c /opt/ros_catkin_ws/build_isolated/rqt_image_view/CMakeFiles/CMakeTmp/CheckSymbolExists.cxx
/opt/ros_catkin_ws/build_isolated/rqt_image_view/CMakeFiles/CMakeTmp/CheckSymbolExists.cxx: In function ‘int main(int, char**)’:
/opt/ros_catkin_ws/build_isolated/rqt_image_view/CMakeFiles/CMakeTmp/CheckSymbolExists.cxx:8:19: error: ‘Q_WS_WIN’ was not declared in this scope
   return ((int*)(&Q_WS_WIN))[argc];
                   ^
CMakeFiles/cmTC_eb37a.dir/build.make:65: recipe for target 'CMakeFiles/cmTC_eb37a.dir/CheckSymbolExists.cxx.o' failed
make[1]: *** [CMakeFiles/cmTC_eb37a.dir/CheckSymbolExists.cxx.o] Error 1
make[1]: Leaving directory '/opt/ros_catkin_ws/build_isolated/rqt_image_view/CMakeFiles/CMakeTmp'
Makefile:126: recipe for target 'cmTC_eb37a/fast' failed
make: *** [cmTC_eb37a/fast] Error 2

File /opt/ros_catkin_ws/build_isolated/rqt_image_view/CMakeFiles/CMakeTmp/CheckSymbolExists.cxx:
/* */
#include <QtCore/qglobal.h>

int main(int argc, char** argv)
{
  (void)argv;
#ifndef Q_WS_WIN
  return ((int*)(&Q_WS_WIN))[argc];
#else
  (void)argc;
  return 0;
#endif
}

Determining if the Q_WS_QWS exist failed with the following output:
Change Dir: /opt/ros_catkin_ws/build_isolated/rqt_image_view/CMakeFiles/CMakeTmp

Run Build Command:"/usr/bin/make" "cmTC_6e4da/fast"
/usr/bin/make -f CMakeFiles/cmTC_6e4da.dir/build.make CMakeFiles/cmTC_6e4da.dir/build
make[1]: Entering directory '/opt/ros_catkin_ws/build_isolated/rqt_image_view/CMakeFiles/CMakeTmp'
Building CXX object CMakeFiles/cmTC_6e4da.dir/CheckSymbolExists.cxx.o
/usr/bin/c++    -I/usr/include/qt4   -o CMakeFiles/cmTC_6e4da.dir/CheckSymbolExists.cxx.o -c /opt/ros_catkin_ws/build_isolated/rqt_image_view/CMakeFiles/CMakeTmp/CheckSymbolExists.cxx
/opt/ros_catkin_ws/build_isolated/rqt_image_view/CMakeFiles/CMakeTmp/CheckSymbolExists.cxx: In function ‘int main(int, char**)’:
/opt/ros_catkin_ws/build_isolated/rqt_image_view/CMakeFiles/CMakeTmp/CheckSymbolExists.cxx:8:19: error: ‘Q_WS_QWS’ was not declared in this scope
   return ((int*)(&Q_WS_QWS))[argc];
                   ^
CMakeFiles/cmTC_6e4da.dir/build.make:65: recipe for target 'CMakeFiles/cmTC_6e4da.dir/CheckSymbolExists.cxx.o' failed
make[1]: *** [CMakeFiles/cmTC_6e4da.dir/CheckSymbolExists.cxx.o] Error 1
make[1]: Leaving directory '/opt/ros_catkin_ws/build_isolated/rqt_image_view/CMakeFiles/CMakeTmp'
Makefile:126: recipe for target 'cmTC_6e4da/fast' failed
make: *** [cmTC_6e4da/fast] Error 2

File /opt/ros_catkin_ws/build_isolated/rqt_image_view/CMakeFiles/CMakeTmp/CheckSymbolExists.cxx:
/* */
#include <QtCore/qglobal.h>

int main(int argc, char** argv)
{
  (void)argv;
#ifndef Q_WS_QWS
  return ((int*)(&Q_WS_QWS))[argc];
#else
  (void)argc;
  return 0;
#endif
}

Determining if the Q_WS_MAC exist failed with the following output:
Change Dir: /opt/ros_catkin_ws/build_isolated/rqt_image_view/CMakeFiles/CMakeTmp

Run Build Command:"/usr/bin/make" "cmTC_e699c/fast"
/usr/bin/make -f CMakeFiles/cmTC_e699c.dir/build.make CMakeFiles/cmTC_e699c.dir/build
make[1]: Entering directory '/opt/ros_catkin_ws/build_isolated/rqt_image_view/CMakeFiles/CMakeTmp'
Building CXX object CMakeFiles/cmTC_e699c.dir/CheckSymbolExists.cxx.o
/usr/bin/c++    -I/usr/include/qt4   -o CMakeFiles/cmTC_e699c.dir/CheckSymbolExists.cxx.o -c /opt/ros_catkin_ws/build_isolated/rqt_image_view/CMakeFiles/CMakeTmp/CheckSymbolExists.cxx
/opt/ros_catkin_ws/build_isolated/rqt_image_view/CMakeFiles/CMakeTmp/CheckSymbolExists.cxx: In function ‘int main(int, char**)’:
/opt/ros_catkin_ws/build_isolated/rqt_image_view/CMakeFiles/CMakeTmp/CheckSymbolExists.cxx:8:19: error: ‘Q_WS_MAC’ was not declared in this scope
   return ((int*)(&Q_WS_MAC))[argc];
                   ^
CMakeFiles/cmTC_e699c.dir/build.make:65: recipe for target 'CMakeFiles/cmTC_e699c.dir/CheckSymbolExists.cxx.o' failed
make[1]: *** [CMakeFiles/cmTC_e699c.dir/CheckSymbolExists.cxx.o] Error 1
make[1]: Leaving directory '/opt/ros_catkin_ws/build_isolated/rqt_image_view/CMakeFiles/CMakeTmp'
Makefile:126: recipe for target 'cmTC_e699c/fast' failed
make: *** [cmTC_e699c/fast] Error 2

File /opt/ros_catkin_ws/build_isolated/rqt_image_view/CMakeFiles/CMakeTmp/CheckSymbolExists.cxx:
/* */
#include <QtCore/qglobal.h>

int main(int argc, char** argv)
{
  (void)argv;
#ifndef Q_WS_MAC
  return ((int*)(&Q_WS_MAC))[argc];
#else
  (void)argc;
  return 0;
#endif
}

